<?xml version="1.0" encoding="UTF-8"?>
<!-- Generated by org.testng.reporters.JUnitReportReporter -->
<testsuite hostname="DESKTOP-2FSNI8M" failures="0" tests="3" name="demo3.test4" time="0.088" errors="0" timestamp="2022-05-26T15:36:24 IST" skipped="0">
  <testcase classname="demo3.test4" name="statuscode" time="0.014"/>
  <system-out/>
  <testcase classname="demo3.test4" name="statusline" time="0.006"/>
  <system-out/>
  <testcase classname="demo3.test4" name="verifyusername" time="0.068"/>
  <system-out/>
</testsuite> <!-- demo3.test4 -->
