<?xml version="1.0" encoding="UTF-8"?>
<!-- Generated by org.testng.reporters.JUnitReportReporter -->
<testsuite hostname="DESKTOP-2FSNI8M" failures="0" tests="12" name="demo3.test2" time="2.369" errors="0" timestamp="2022-05-20T15:05:29 IST" skipped="0">
  <testcase classname="demo3.test2" name="statuscode" time="0.014"/>
  <system-out/>
  <testcase classname="demo3.test2" name="validatePOSTReqStatusLine" time="0.003"/>
  <system-out/>
  <testcase classname="demo3.test2" name="validatePOSTReqContentHeader" time="0.010"/>
  <system-out/>
  <testcase classname="demo3.test2" name="validatePOSTReqCaptureId" time="1.779"/>
  <system-out/>
  <testcase classname="demo3.test2" name="getNewlyCreatedUser" time="0.239"/>
  <system-out/>
  <testcase classname="demo3.test2" name="validateStatusLineForGet" time="0.007"/>
  <system-out/>
  <testcase classname="demo3.test2" name="validateResponseBody" time="0.005"/>
  <system-out/>
  <testcase classname="demo3.test2" name="validateContentTypeHeaderUsingGet" time="0.002"/>
  <system-out/>
  <testcase classname="demo3.test2" name="updateWholeEntity" time="0.163"/>
  <system-out/>
  <testcase classname="demo3.test2" name="validateBody" time="0.003"/>
  <system-out/>
  <testcase classname="demo3.test2" name="validateContentTypeHeaderUsingPut" time="0.003"/>
  <system-out/>
  <testcase classname="demo3.test2" name="validateUpdateEntity" time="0.141"/>
  <system-out/>
</testsuite> <!-- demo3.test2 -->
