<?xml version="1.0" encoding="UTF-8"?>
<!-- Generated by org.testng.reporters.JUnitReportReporter -->
<testsuite hostname="DESKTOP-2FSNI8M" failures="0" tests="5" name="demo3.test" time="0.094" errors="0" timestamp="2022-05-20T14:18:00 IST" skipped="0">
  <testcase classname="demo3.test" name="statuscode" time="0.013"/>
  <system-out/>
  <testcase classname="demo3.test" name="statusLile" time="0.003"/>
  <system-out/>
  <testcase classname="demo3.test" name="header" time="0.003"/>
  <system-out/>
  <testcase classname="demo3.test" name="time" time="0.003"/>
  <system-out/>
  <testcase classname="demo3.test" name="body" time="0.072"/>
  <system-out/>
</testsuite> <!-- demo3.test -->
