<?xml version="1.0" encoding="UTF-8"?>
<!-- Generated by org.testng.reporters.JUnitReportReporter -->
<testsuite skipped="0" hostname="DESKTOP-2FSNI8M" name="javaprogrameTest.test" tests="11" failures="0" timestamp="2022-06-20T19:30:28 IST" time="0.033" errors="0">
  <testcase name="A1" time="0.010" classname="javaprogrameTest.test"/>
  <system-out/>
  <testcase name="A2" time="0.000" classname="javaprogrameTest.test"/>
  <system-out/>
  <testcase name="A3" time="0.002" classname="javaprogrameTest.test"/>
  <system-out/>
  <testcase name="A4" time="0.002" classname="javaprogrameTest.test"/>
  <system-out/>
  <testcase name="A5" time="0.004" classname="javaprogrameTest.test"/>
  <system-out/>
  <testcase name="A6" time="0.002" classname="javaprogrameTest.test"/>
  <system-out/>
  <testcase name="A7" time="0.001" classname="javaprogrameTest.test"/>
  <system-out/>
  <testcase name="A8" time="0.002" classname="javaprogrameTest.test"/>
  <system-out/>
  <testcase name="A9" time="0.003" classname="javaprogrameTest.test"/>
  <system-out/>
  <testcase name="A10" time="0.004" classname="javaprogrameTest.test"/>
  <system-out/>
  <testcase name="A11" time="0.003" classname="javaprogrameTest.test"/>
  <system-out/>
</testsuite> <!-- javaprogrameTest.test -->
